THis is the change from  local repo
Dec 20, 2016 3:05:22 PM com.darkRealm.Stacks_and_queues.Stacks_and_Queues <clinit>
INFO: logger initialized  for class com.darkRealm.Stacks_and_queues.Stacks_and_Queues
Dec 20, 2016 3:05:23 PM com.darkRealm.Stacks_and_queues.Stacks_and_Queues SortStack
INFO: First insertion in minStack 5
Dec 20, 2016 3:05:23 PM com.darkRealm.Stacks_and_queues.Stacks_and_Queues SortStack
INFO: popoing from minStack was element 1 < 5 minPeek 
Dec 20, 2016 3:05:23 PM com.darkRealm.Stacks_and_queues.Stacks_and_Queues SortStack
INFO: pushing the popped element into minStack as all bigger pooped out 1
Dec 20, 2016 3:05:23 PM com.darkRealm.Stacks_and_queues.Stacks_and_Queues SortStack
INFO: popoing from minStack was element 3 < 5 minPeek 
Dec 20, 2016 3:05:23 PM com.darkRealm.Stacks_and_queues.Stacks_and_Queues SortStack
INFO: pushing the popped element into minStack as all bigger pooped out 3
Dec 20, 2016 3:05:23 PM com.darkRealm.Stacks_and_queues.Stacks_and_Queues SortStack
INFO: popoing from minStack was element 0 < 5 minPeek 
Dec 20, 2016 3:05:23 PM com.darkRealm.Stacks_and_queues.Stacks_and_Queues SortStack
INFO: popoing from minStack was element 0 < 3 minPeek 
Dec 20, 2016 3:05:23 PM com.darkRealm.Stacks_and_queues.Stacks_and_Queues SortStack
INFO: popoing from minStack was element 0 < 1 minPeek 
Dec 20, 2016 3:05:23 PM com.darkRealm.Stacks_and_queues.Stacks_and_Queues SortStack
INFO: pushing the popped element into minStack as all bigger pooped out 0
Dec 20, 2016 3:05:23 PM com.darkRealm.Stacks_and_queues.Stacks_and_Queues SortStack
INFO: popoing from minStack was element 4 < 5 minPeek 
Dec 20, 2016 3:05:23 PM com.darkRealm.Stacks_and_queues.Stacks_and_Queues SortStack
INFO: pushing the popped element into minStack as all bigger pooped out 4
Dec 20, 2016 3:05:23 PM com.darkRealm.Stacks_and_queues.Stacks_and_Queues SortStack
INFO: popoing from minStack was element 1 < 5 minPeek 
Dec 20, 2016 3:05:23 PM com.darkRealm.Stacks_and_queues.Stacks_and_Queues SortStack
INFO: popoing from minStack was element 1 < 4 minPeek 
Dec 20, 2016 3:05:23 PM com.darkRealm.Stacks_and_queues.Stacks_and_Queues SortStack
INFO: popoing from minStack was element 1 < 3 minPeek 
Dec 20, 2016 3:05:23 PM com.darkRealm.Stacks_and_queues.Stacks_and_Queues SortStack
INFO: pushing the popped element into minStack as all bigger pooped out 1
Dec 20, 2016 3:05:23 PM com.darkRealm.Stacks_and_queues.Stacks_and_Queues SortStack
INFO: popoing from minStack was element 2 < 5 minPeek 
Dec 20, 2016 3:05:23 PM com.darkRealm.Stacks_and_queues.Stacks_and_Queues SortStack
INFO: popoing from minStack was element 2 < 4 minPeek 
Dec 20, 2016 3:05:23 PM com.darkRealm.Stacks_and_queues.Stacks_and_Queues SortStack
INFO: popoing from minStack was element 2 < 3 minPeek 
Dec 20, 2016 3:05:23 PM com.darkRealm.Stacks_and_queues.Stacks_and_Queues SortStack
INFO: pushing the popped element into minStack as all bigger pooped out 2
Dec 20, 2016 3:05:23 PM com.darkRealm.Stacks_and_queues.Stacks_and_Queues SortStack
INFO: refilling from the minStack for reverse order
Dec 20, 2016 6:40:17 PM com.darkRealm.Stacks_and_queues.Stacks_and_Queues <clinit>
INFO: logger initialized  for class com.darkRealm.Stacks_and_queues.Stacks_and_Queues
Dec 20, 2016 6:40:17 PM com.darkRealm.Stacks_and_queues.Stacks_and_Queues SortStack
INFO: First insertion in minStack 5
Dec 20, 2016 6:40:17 PM com.darkRealm.Stacks_and_queues.Stacks_and_Queues SortStack
INFO: popoing from minStack was element 1 < 5 minPeek 
Dec 20, 2016 6:40:17 PM com.darkRealm.Stacks_and_queues.Stacks_and_Queues SortStack
INFO: pushing the popped element into minStack as all bigger pooped out 1
Dec 20, 2016 6:40:17 PM com.darkRealm.Stacks_and_queues.Stacks_and_Queues SortStack
INFO: popoing from minStack was element 3 < 5 minPeek 
Dec 20, 2016 6:40:17 PM com.darkRealm.Stacks_and_queues.Stacks_and_Queues SortStack
INFO: pushing the popped element into minStack as all bigger pooped out 3
Dec 20, 2016 6:40:17 PM com.darkRealm.Stacks_and_queues.Stacks_and_Queues SortStack
INFO: popoing from minStack was element 0 < 5 minPeek 
Dec 20, 2016 6:40:17 PM com.darkRealm.Stacks_and_queues.Stacks_and_Queues SortStack
INFO: popoing from minStack was element 0 < 3 minPeek 
Dec 20, 2016 6:40:17 PM com.darkRealm.Stacks_and_queues.Stacks_and_Queues SortStack
INFO: popoing from minStack was element 0 < 1 minPeek 
Dec 20, 2016 6:40:17 PM com.darkRealm.Stacks_and_queues.Stacks_and_Queues SortStack
INFO: pushing the popped element into minStack as all bigger pooped out 0
Dec 20, 2016 6:40:17 PM com.darkRealm.Stacks_and_queues.Stacks_and_Queues SortStack
INFO: popoing from minStack was element 4 < 5 minPeek 
Dec 20, 2016 6:40:17 PM com.darkRealm.Stacks_and_queues.Stacks_and_Queues SortStack
INFO: pushing the popped element into minStack as all bigger pooped out 4
Dec 20, 2016 6:40:17 PM com.darkRealm.Stacks_and_queues.Stacks_and_Queues SortStack
INFO: popoing from minStack was element 1 < 5 minPeek 
Dec 20, 2016 6:40:17 PM com.darkRealm.Stacks_and_queues.Stacks_and_Queues SortStack
INFO: popoing from minStack was element 1 < 4 minPeek 
Dec 20, 2016 6:40:17 PM com.darkRealm.Stacks_and_queues.Stacks_and_Queues SortStack
INFO: popoing from minStack was element 1 < 3 minPeek 
Dec 20, 2016 6:40:17 PM com.darkRealm.Stacks_and_queues.Stacks_and_Queues SortStack
INFO: pushing the popped element into minStack as all bigger pooped out 1
Dec 20, 2016 6:40:17 PM com.darkRealm.Stacks_and_queues.Stacks_and_Queues SortStack
INFO: popoing from minStack was element 2 < 5 minPeek 
Dec 20, 2016 6:40:17 PM com.darkRealm.Stacks_and_queues.Stacks_and_Queues SortStack
INFO: popoing from minStack was element 2 < 4 minPeek 
Dec 20, 2016 6:40:17 PM com.darkRealm.Stacks_and_queues.Stacks_and_Queues SortStack
INFO: popoing from minStack was element 2 < 3 minPeek 
Dec 20, 2016 6:40:17 PM com.darkRealm.Stacks_and_queues.Stacks_and_Queues SortStack
INFO: pushing the popped element into minStack as all bigger pooped out 2
Dec 20, 2016 6:40:17 PM com.darkRealm.Stacks_and_queues.Stacks_and_Queues SortStack
INFO: refilling from the minStack for reverse order
Dec 27, 2016 12:20:42 AM com.darkRealm.Stacks_and_queues.Stacks_and_Queues <clinit>
INFO: logger initialized  for class com.darkRealm.Stacks_and_queues.Stacks_and_Queues
Dec 27, 2016 12:25:21 AM com.darkRealm.Stacks_and_queues.Stacks_and_Queues <clinit>
INFO: logger initialized  for class com.darkRealm.Stacks_and_queues.Stacks_and_Queues
Dec 27, 2016 12:27:07 AM com.darkRealm.Stacks_and_queues.Stacks_and_Queues <clinit>
INFO: logger initialized  for class com.darkRealm.Stacks_and_queues.Stacks_and_Queues
Dec 27, 2016 12:28:19 AM com.darkRealm.Stacks_and_queues.Stacks_and_Queues <clinit>
INFO: logger initialized  for class com.darkRealm.Stacks_and_queues.Stacks_and_Queues
Dec 27, 2016 12:59:57 AM com.darkRealm.Stacks_and_queues.Stacks_and_Queues <clinit>
INFO: logger initialized  for class com.darkRealm.Stacks_and_queues.Stacks_and_Queues
Dec 27, 2016 1:04:42 AM com.darkRealm.Stacks_and_queues.Stacks_and_Queues <clinit>
INFO: logger initialized  for class com.darkRealm.Stacks_and_queues.Stacks_and_Queues
Dec 27, 2016 1:05:09 AM com.darkRealm.Stacks_and_queues.Stacks_and_Queues <clinit>
INFO: logger initialized  for class com.darkRealm.Stacks_and_queues.Stacks_and_Queues
Dec 27, 2016 1:05:36 AM com.darkRealm.Stacks_and_queues.Stacks_and_Queues <clinit>
INFO: logger initialized  for class com.darkRealm.Stacks_and_queues.Stacks_and_Queues
Dec 27, 2016 1:05:51 AM com.darkRealm.Stacks_and_queues.Stacks_and_Queues <clinit>
INFO: logger initialized  for class com.darkRealm.Stacks_and_queues.Stacks_and_Queues
Dec 27, 2016 2:04:19 PM com.darkRealm.Stacks_and_queues.Stacks_and_Queues <clinit>
INFO: logger initialized  for class com.darkRealm.Stacks_and_queues.Stacks_and_Queues
Dec 27, 2016 2:05:58 PM com.darkRealm.Stacks_and_queues.Stacks_and_Queues <clinit>
INFO: logger initialized  for class com.darkRealm.Stacks_and_queues.Stacks_and_Queues
Dec 27, 2016 2:06:53 PM com.darkRealm.Stacks_and_queues.Stacks_and_Queues <clinit>
INFO: logger initialized  for class com.darkRealm.Stacks_and_queues.Stacks_and_Queues
Dec 27, 2016 2:08:58 PM com.darkRealm.Stacks_and_queues.Stacks_and_Queues <clinit>
INFO: logger initialized  for class com.darkRealm.Stacks_and_queues.Stacks_and_Queues
Dec 27, 2016 2:11:47 PM com.darkRealm.Stacks_and_queues.Stacks_and_Queues <clinit>
INFO: logger initialized  for class com.darkRealm.Stacks_and_queues.Stacks_and_Queues
Dec 27, 2016 2:15:12 PM com.darkRealm.Stacks_and_queues.Stacks_and_Queues <clinit>
INFO: logger initialized  for class com.darkRealm.Stacks_and_queues.Stacks_and_Queues
Dec 27, 2016 2:16:16 PM com.darkRealm.Stacks_and_queues.Stacks_and_Queues <clinit>
INFO: logger initialized  for class com.darkRealm.Stacks_and_queues.Stacks_and_Queues
Dec 27, 2016 2:19:16 PM com.darkRealm.Stacks_and_queues.Stacks_and_Queues <clinit>
INFO: logger initialized  for class com.darkRealm.Stacks_and_queues.Stacks_and_Queues
Dec 27, 2016 2:20:41 PM com.darkRealm.Stacks_and_queues.Stacks_and_Queues <clinit>
INFO: logger initialized  for class com.darkRealm.Stacks_and_queues.Stacks_and_Queues
Dec 27, 2016 2:21:51 PM com.darkRealm.Stacks_and_queues.Stacks_and_Queues <clinit>
INFO: logger initialized  for class com.darkRealm.Stacks_and_queues.Stacks_and_Queues
Dec 27, 2016 2:24:01 PM com.darkRealm.Stacks_and_queues.Stacks_and_Queues <clinit>
INFO: logger initialized  for class com.darkRealm.Stacks_and_queues.Stacks_and_Queues
Dec 27, 2016 2:26:03 PM com.darkRealm.Stacks_and_queues.Stacks_and_Queues <clinit>
INFO: logger initialized  for class com.darkRealm.Stacks_and_queues.Stacks_and_Queues
Dec 27, 2016 2:29:22 PM com.darkRealm.Stacks_and_queues.Stacks_and_Queues <clinit>
INFO: logger initialized  for class com.darkRealm.Stacks_and_queues.Stacks_and_Queues
Dec 27, 2016 2:31:32 PM com.darkRealm.Stacks_and_queues.Stacks_and_Queues <clinit>
INFO: logger initialized  for class com.darkRealm.Stacks_and_queues.Stacks_and_Queues
Dec 27, 2016 2:32:45 PM com.darkRealm.Stacks_and_queues.Stacks_and_Queues <clinit>
INFO: logger initialized  for class com.darkRealm.Stacks_and_queues.Stacks_and_Queues
Dec 27, 2016 2:33:50 PM com.darkRealm.Stacks_and_queues.Stacks_and_Queues <clinit>
INFO: logger initialized  for class com.darkRealm.Stacks_and_queues.Stacks_and_Queues
Dec 27, 2016 2:36:08 PM com.darkRealm.Stacks_and_queues.Stacks_and_Queues <clinit>
INFO: logger initialized  for class com.darkRealm.Stacks_and_queues.Stacks_and_Queues
Dec 27, 2016 2:37:48 PM com.darkRealm.Stacks_and_queues.Stacks_and_Queues <clinit>
INFO: logger initialized  for class com.darkRealm.Stacks_and_queues.Stacks_and_Queues
Dec 27, 2016 2:40:44 PM com.darkRealm.Stacks_and_queues.Stacks_and_Queues <clinit>
INFO: logger initialized  for class com.darkRealm.Stacks_and_queues.Stacks_and_Queues
Dec 27, 2016 2:42:48 PM com.darkRealm.Stacks_and_queues.Stacks_and_Queues <clinit>
INFO: logger initialized  for class com.darkRealm.Stacks_and_queues.Stacks_and_Queues
Dec 27, 2016 2:44:03 PM com.darkRealm.Stacks_and_queues.Stacks_and_Queues <clinit>
INFO: logger initialized  for class com.darkRealm.Stacks_and_queues.Stacks_and_Queues
Dec 27, 2016 2:44:33 PM com.darkRealm.Stacks_and_queues.Stacks_and_Queues <clinit>
INFO: logger initialized  for class com.darkRealm.Stacks_and_queues.Stacks_and_Queues
Dec 27, 2016 2:45:35 PM com.darkRealm.Stacks_and_queues.Stacks_and_Queues <clinit>
INFO: logger initialized  for class com.darkRealm.Stacks_and_queues.Stacks_and_Queues
Dec 27, 2016 2:46:33 PM com.darkRealm.Stacks_and_queues.Stacks_and_Queues <clinit>
INFO: logger initialized  for class com.darkRealm.Stacks_and_queues.Stacks_and_Queues
Dec 27, 2016 2:47:02 PM com.darkRealm.Stacks_and_queues.Stacks_and_Queues <clinit>
INFO: logger initialized  for class com.darkRealm.Stacks_and_queues.Stacks_and_Queues
Dec 27, 2016 2:50:11 PM com.darkRealm.Stacks_and_queues.Stacks_and_Queues <clinit>
INFO: logger initialized  for class com.darkRealm.Stacks_and_queues.Stacks_and_Queues
Dec 27, 2016 2:52:10 PM com.darkRealm.Stacks_and_queues.Stacks_and_Queues <clinit>
INFO: logger initialized  for class com.darkRealm.Stacks_and_queues.Stacks_and_Queues
Dec 27, 2016 2:52:48 PM com.darkRealm.Stacks_and_queues.Stacks_and_Queues <clinit>
INFO: logger initialized  for class com.darkRealm.Stacks_and_queues.Stacks_and_Queues
